# JRE version: Java(TM) SE Runtime Environment (8.0_251-b08) (build 1.8.0_251-b08)
# Java VM: Java HotSpot(TM) 64-Bit Server VM (25.251-b08 mixed mode windows-amd64 compressed oops)
Heap:
 PSYoungGen      total 373760K, used 4730K [0x00000000d5980000, 0x00000000ee880000, 0x0000000100000000)
  eden space 354304K, 0% used [0x00000000d5980000,0x00000000d5980000,0x00000000eb380000)
  from space 19456K, 24% used [0x00000000ec280000,0x00000000ec71e8c8,0x00000000ed580000)
  to   space 13312K, 0% used [0x00000000edb80000,0x00000000edb80000,0x00000000ee880000)
 ParOldGen       total 69120K, used 39788K [0x0000000080c00000, 0x0000000084f80000, 0x00000000d5980000)
  object space 69120K, 57% used [0x0000000080c00000,0x00000000832db0a0,0x0000000084f80000)
 Metaspace       used 55729K, capacity 58740K, committed 58752K, reserved 1105920K
  class space    used 7523K, capacity 8052K, committed 8064K, reserved 1048576K
GC Heap History (10 events):
Event: 3.173 GC heap before
{Heap before GC invocations=8 (full 1):
 PSYoungGen      total 142336K, used 133120K [0x00000000d5980000, 0x00000000dee80000, 0x0000000100000000)
  eden space 133120K, 100% used [0x00000000d5980000,0x00000000ddb80000,0x00000000ddb80000)
  from space 9216K, 0% used [0x00000000de580000,0x00000000de580000,0x00000000dee80000)
  to   space 9728K, 0% used [0x00000000ddb80000,0x00000000ddb80000,0x00000000de500000)
 ParOldGen       total 48128K, used 8225K [0x0000000080c00000, 0x0000000083b00000, 0x00000000d5980000)
  object space 48128K, 17% used [0x0000000080c00000,0x0000000081408698,0x0000000083b00000)
 Metaspace       used 21412K, capacity 22298K, committed 22528K, reserved 1069056K
  class space    used 2739K, capacity 2957K, committed 3072K, reserved 1048576K
Event: 3.176 GC heap after
Heap after GC invocations=8 (full 1):
 PSYoungGen      total 142848K, used 2803K [0x00000000d5980000, 0x00000000e6600000, 0x0000000100000000)
  eden space 133120K, 0% used [0x00000000d5980000,0x00000000d5980000,0x00000000ddb80000)
  from space 9728K, 28% used [0x00000000ddb80000,0x00000000dde3ce80,0x00000000de500000)
  to   space 10240K, 0% used [0x00000000e5c00000,0x00000000e5c00000,0x00000000e6600000)
 ParOldGen       total 48128K, used 8233K [0x0000000080c00000, 0x0000000083b00000, 0x00000000d5980000)
  object space 48128K, 17% used [0x0000000080c00000,0x000000008140a698,0x0000000083b00000)
 Metaspace       used 21412K, capacity 22298K, committed 22528K, reserved 1069056K
  class space    used 2739K, capacity 2957K, committed 3072K, reserved 1048576K
}
Event: 4.599 GC heap before
{Heap before GC invocations=9 (full 1):
 PSYoungGen      total 142848K, used 135923K [0x00000000d5980000, 0x00000000e6600000, 0x0000000100000000)
  eden space 133120K, 100% used [0x00000000d5980000,0x00000000ddb80000,0x00000000ddb80000)
  from space 9728K, 28% used [0x00000000ddb80000,0x00000000dde3ce80,0x00000000de500000)
  to   space 10240K, 0% used [0x00000000e5c00000,0x00000000e5c00000,0x00000000e6600000)
 ParOldGen       total 48128K, used 8233K [0x0000000080c00000, 0x0000000083b00000, 0x00000000d5980000)
  object space 48128K, 17% used [0x0000000080c00000,0x000000008140a698,0x0000000083b00000)
 Metaspace       used 25030K, capacity 26318K, committed 26624K, reserved 1073152K
  class space    used 3284K, capacity 3521K, committed 3584K, reserved 1048576K
Event: 4.606 GC heap after
Heap after GC invocations=9 (full 1):
 PSYoungGen      total 259072K, used 7242K [0x00000000d5980000, 0x00000000e6380000, 0x0000000100000000)
  eden space 251392K, 0% used [0x00000000d5980000,0x00000000d5980000,0x00000000e4f00000)
  from space 7680K, 94% used [0x00000000e5c00000,0x00000000e6312a18,0x00000000e6380000)
  to   space 10240K, 0% used [0x00000000e4f80000,0x00000000e4f80000,0x00000000e5980000)
 ParOldGen       total 48128K, used 8233K [0x0000000080c00000, 0x0000000083b00000, 0x00000000d5980000)
  object space 48128K, 17% used [0x0000000080c00000,0x000000008140a698,0x0000000083b00000)
 Metaspace       used 25030K, capacity 26318K, committed 26624K, reserved 1073152K
  class space    used 3284K, capacity 3521K, committed 3584K, reserved 1048576K
}
Event: 5.659 GC heap before
{Heap before GC invocations=10 (full 1):
 PSYoungGen      total 259072K, used 192187K [0x00000000d5980000, 0x00000000e6380000, 0x0000000100000000)
  eden space 251392K, 73% used [0x00000000d5980000,0x00000000e0e1c348,0x00000000e4f00000)
  from space 7680K, 94% used [0x00000000e5c00000,0x00000000e6312a18,0x00000000e6380000)
  to   space 10240K, 0% used [0x00000000e4f80000,0x00000000e4f80000,0x00000000e5980000)
 ParOldGen       total 48128K, used 8233K [0x0000000080c00000, 0x0000000083b00000, 0x00000000d5980000)
  object space 48128K, 17% used [0x0000000080c00000,0x000000008140a698,0x0000000083b00000)
 Metaspace       used 33385K, capacity 35330K, committed 35416K, reserved 1079296K
  class space    used 4418K, capacity 4803K, committed 4864K, reserved 1048576K
Event: 5.690 GC heap after
Heap after GC invocations=10 (full 1):
 PSYoungGen      total 262144K, used 10222K [0x00000000d5980000, 0x00000000ee880000, 0x0000000100000000)
  eden space 251904K, 0% used [0x00000000d5980000,0x00000000d5980000,0x00000000e4f80000)
  from space 10240K, 99% used [0x00000000e4f80000,0x00000000e597bad0,0x00000000e5980000)
  to   space 13312K, 0% used [0x00000000edb80000,0x00000000edb80000,0x00000000ee880000)
 ParOldGen       total 48128K, used 11658K [0x0000000080c00000, 0x0000000083b00000, 0x00000000d5980000)
  object space 48128K, 24% used [0x0000000080c00000,0x0000000081762bc8,0x0000000083b00000)
 Metaspace       used 33385K, capacity 35330K, committed 35416K, reserved 1079296K
  class space    used 4418K, capacity 4803K, committed 4864K, reserved 1048576K
}
Event: 5.690 GC heap before
{Heap before GC invocations=11 (full 2):
 PSYoungGen      total 262144K, used 10222K [0x00000000d5980000, 0x00000000ee880000, 0x0000000100000000)
  eden space 251904K, 0% used [0x00000000d5980000,0x00000000d5980000,0x00000000e4f80000)
  from space 10240K, 99% used [0x00000000e4f80000,0x00000000e597bad0,0x00000000e5980000)
  to   space 13312K, 0% used [0x00000000edb80000,0x00000000edb80000,0x00000000ee880000)
 ParOldGen       total 48128K, used 11658K [0x0000000080c00000, 0x0000000083b00000, 0x00000000d5980000)
  object space 48128K, 24% used [0x0000000080c00000,0x0000000081762bc8,0x0000000083b00000)
 Metaspace       used 33385K, capacity 35330K, committed 35416K, reserved 1079296K
  class space    used 4418K, capacity 4803K, committed 4864K, reserved 1048576K
Event: 5.840 GC heap after
Heap after GC invocations=11 (full 2):
 PSYoungGen      total 262144K, used 0K [0x00000000d5980000, 0x00000000ee880000, 0x0000000100000000)
  eden space 251904K, 0% used [0x00000000d5980000,0x00000000d5980000,0x00000000e4f80000)
  from space 10240K, 0% used [0x00000000e4f80000,0x00000000e4f80000,0x00000000e5980000)
  to   space 13312K, 0% used [0x00000000edb80000,0x00000000edb80000,0x00000000ee880000)
 ParOldGen       total 69120K, used 18892K [0x0000000080c00000, 0x0000000084f80000, 0x00000000d5980000)
  object space 69120K, 27% used [0x0000000080c00000,0x0000000081e73398,0x0000000084f80000)
 Metaspace       used 33385K, capacity 35330K, committed 35416K, reserved 1079296K
  class space    used 4418K, capacity 4803K, committed 4864K, reserved 1048576K
}
Event: 11.778 GC heap before
{Heap before GC invocations=12 (full 2):
 PSYoungGen      total 262144K, used 251904K [0x00000000d5980000, 0x00000000ee880000, 0x0000000100000000)
  eden space 251904K, 100% used [0x00000000d5980000,0x00000000e4f80000,0x00000000e4f80000)
  from space 10240K, 0% used [0x00000000e4f80000,0x00000000e4f80000,0x00000000e5980000)
  to   space 13312K, 0% used [0x00000000edb80000,0x00000000edb80000,0x00000000ee880000)
 ParOldGen       total 69120K, used 18892K [0x0000000080c00000, 0x0000000084f80000, 0x00000000d5980000)
  object space 69120K, 27% used [0x0000000080c00000,0x0000000081e73398,0x0000000084f80000)
 Metaspace       used 54122K, capacity 57132K, committed 57344K, reserved 1099776K
  class space    used 7286K, capacity 7812K, committed 7936K, reserved 1048576K
Event: 11.803 GC heap after
Heap after GC invocations=12 (full 2):
 PSYoungGen      total 367616K, used 13293K [0x00000000d5980000, 0x00000000ee880000, 0x0000000100000000)
  eden space 354304K, 0% used [0x00000000d5980000,0x00000000d5980000,0x00000000eb380000)
  from space 13312K, 99% used [0x00000000edb80000,0x00000000ee87b410,0x00000000ee880000)
  to   space 19456K, 0% used [0x00000000ec280000,0x00000000ec280000,0x00000000ed580000)
 ParOldGen       total 69120K, used 30458K [0x0000000080c00000, 0x0000000084f80000, 0x00000000d5980000)
  object space 69120K, 44% used [0x0000000080c00000,0x00000000829be900,0x0000000084f80000)
 Metaspace       used 54122K, capacity 57132K, committed 57344K, reserved 1099776K
  class space    used 7286K, capacity 7812K, committed 7936K, reserved 1048576K
}

